{"C:\\Users\\Dominic\\Desktop\\CIT\\Project\\connect.js": {"path":"C:\\Users\\Dominic\\Desktop\\CIT\\Project\\connect.js","statementMap":{"0":{"start":{"line":1,"column":20},"end":{"line":1,"column":50}},"1":{"start":{"line":2,"column":12},"end":{"line":2,"column":83}},"2":{"start":{"line":10,"column":4},"end":{"line":24,"column":5}},"3":{"start":{"line":11,"column":8},"end":{"line":21,"column":11}},"4":{"start":{"line":12,"column":12},"end":{"line":20,"column":13}},"5":{"start":{"line":13,"column":16},"end":{"line":13,"column":34}},"6":{"start":{"line":15,"column":16},"end":{"line":19,"column":17}},"7":{"start":{"line":16,"column":20},"end":{"line":16,"column":34}},"8":{"start":{"line":18,"column":20},"end":{"line":18,"column":38}},"9":{"start":{"line":23,"column":8},"end":{"line":23,"column":26}},"10":{"start":{"line":31,"column":1},"end":{"line":39,"column":4}},"11":{"start":{"line":32,"column":8},"end":{"line":38,"column":9}},"12":{"start":{"line":33,"column":12},"end":{"line":33,"column":22}},"13":{"start":{"line":35,"column":18},"end":{"line":35,"column":51}},"14":{"start":{"line":36,"column":23},"end":{"line":36,"column":45}},"15":{"start":{"line":37,"column":6},"end":{"line":37,"column":38}},"16":{"start":{"line":47,"column":16},"end":{"line":47,"column":26}},"17":{"start":{"line":49,"column":4},"end":{"line":53,"column":5}},"18":{"start":{"line":50,"column":8},"end":{"line":52,"column":9}},"19":{"start":{"line":51,"column":12},"end":{"line":51,"column":20}},"20":{"start":{"line":62,"column":20},"end":{"line":62,"column":44}},"21":{"start":{"line":63,"column":21},"end":{"line":63,"column":53}},"22":{"start":{"line":65,"column":4},"end":{"line":69,"column":5}},"23":{"start":{"line":66,"column":8},"end":{"line":68,"column":9}},"24":{"start":{"line":67,"column":12},"end":{"line":67,"column":20}},"25":{"start":{"line":78,"column":20},"end":{"line":78,"column":44}},"26":{"start":{"line":79,"column":23},"end":{"line":79,"column":61}},"27":{"start":{"line":80,"column":19},"end":{"line":80,"column":72}},"28":{"start":{"line":82,"column":4},"end":{"line":86,"column":5}},"29":{"start":{"line":83,"column":8},"end":{"line":85,"column":9}},"30":{"start":{"line":84,"column":12},"end":{"line":84,"column":20}},"31":{"start":{"line":94,"column":1},"end":{"line":105,"column":4}},"32":{"start":{"line":95,"column":2},"end":{"line":104,"column":5}},"33":{"start":{"line":96,"column":3},"end":{"line":102,"column":4}},"34":{"start":{"line":97,"column":4},"end":{"line":97,"column":14}},"35":{"start":{"line":98,"column":10},"end":{"line":102,"column":4}},"36":{"start":{"line":99,"column":4},"end":{"line":99,"column":23}},"37":{"start":{"line":101,"column":4},"end":{"line":101,"column":19}},"38":{"start":{"line":103,"column":3},"end":{"line":103,"column":18}},"39":{"start":{"line":113,"column":1},"end":{"line":116,"column":4}},"40":{"start":{"line":114,"column":2},"end":{"line":114,"column":46}},"41":{"start":{"line":115,"column":4},"end":{"line":115,"column":19}},"42":{"start":{"line":125,"column":1},"end":{"line":135,"column":4}},"43":{"start":{"line":126,"column":2},"end":{"line":134,"column":8}},"44":{"start":{"line":127,"column":6},"end":{"line":132,"column":7}},"45":{"start":{"line":128,"column":10},"end":{"line":128,"column":28}},"46":{"start":{"line":129,"column":10},"end":{"line":129,"column":20}},"47":{"start":{"line":131,"column":10},"end":{"line":131,"column":30}},"48":{"start":{"line":133,"column":6},"end":{"line":133,"column":21}},"49":{"start":{"line":144,"column":1},"end":{"line":155,"column":4}},"50":{"start":{"line":146,"column":5},"end":{"line":154,"column":7}},"51":{"start":{"line":147,"column":9},"end":{"line":152,"column":10}},"52":{"start":{"line":148,"column":13},"end":{"line":148,"column":31}},"53":{"start":{"line":149,"column":13},"end":{"line":149,"column":23}},"54":{"start":{"line":151,"column":13},"end":{"line":151,"column":33}},"55":{"start":{"line":153,"column":9},"end":{"line":153,"column":24}},"56":{"start":{"line":163,"column":1},"end":{"line":166,"column":4}},"57":{"start":{"line":164,"column":2},"end":{"line":164,"column":32}},"58":{"start":{"line":165,"column":2},"end":{"line":165,"column":24}},"59":{"start":{"line":174,"column":1},"end":{"line":179,"column":3}},"60":{"start":{"line":175,"column":2},"end":{"line":175,"column":38}},"61":{"start":{"line":176,"column":2},"end":{"line":176,"column":30}},"62":{"start":{"line":177,"column":2},"end":{"line":177,"column":23}},"63":{"start":{"line":178,"column":2},"end":{"line":178,"column":21}},"64":{"start":{"line":188,"column":1},"end":{"line":196,"column":4}},"65":{"start":{"line":189,"column":18},"end":{"line":189,"column":42}},"66":{"start":{"line":190,"column":20},"end":{"line":190,"column":52}},"67":{"start":{"line":192,"column":2},"end":{"line":192,"column":53}},"68":{"start":{"line":193,"column":2},"end":{"line":193,"column":23}},"69":{"start":{"line":195,"column":2},"end":{"line":195,"column":21}},"70":{"start":{"line":206,"column":4},"end":{"line":214,"column":7}},"71":{"start":{"line":207,"column":21},"end":{"line":207,"column":45}},"72":{"start":{"line":208,"column":25},"end":{"line":208,"column":63}},"73":{"start":{"line":210,"column":5},"end":{"line":210,"column":62}},"74":{"start":{"line":211,"column":5},"end":{"line":211,"column":27}},"75":{"start":{"line":213,"column":5},"end":{"line":213,"column":25}},"76":{"start":{"line":225,"column":1},"end":{"line":233,"column":4}},"77":{"start":{"line":226,"column":18},"end":{"line":226,"column":42}},"78":{"start":{"line":227,"column":22},"end":{"line":227,"column":60}},"79":{"start":{"line":229,"column":2},"end":{"line":229,"column":66}},"80":{"start":{"line":230,"column":2},"end":{"line":230,"column":24}},"81":{"start":{"line":232,"column":2},"end":{"line":232,"column":22}},"82":{"start":{"line":244,"column":1},"end":{"line":253,"column":4}},"83":{"start":{"line":245,"column":18},"end":{"line":245,"column":42}},"84":{"start":{"line":246,"column":22},"end":{"line":246,"column":60}},"85":{"start":{"line":247,"column":17},"end":{"line":247,"column":57}},"86":{"start":{"line":249,"column":2},"end":{"line":249,"column":77}},"87":{"start":{"line":250,"column":2},"end":{"line":250,"column":24}},"88":{"start":{"line":252,"column":2},"end":{"line":252,"column":22}},"89":{"start":{"line":256,"column":0},"end":{"line":271,"column":1}}},"fnMap":{"0":{"name":"login","decl":{"start":{"line":9,"column":9},"end":{"line":9,"column":14}},"loc":{"start":{"line":9,"column":42},"end":{"line":25,"column":1}},"line":9},"1":{"name":"(anonymous_1)","decl":{"start":{"line":11,"column":24},"end":{"line":11,"column":25}},"loc":{"start":{"line":11,"column":34},"end":{"line":21,"column":9}},"line":11},"2":{"name":"connectDB","decl":{"start":{"line":30,"column":9},"end":{"line":30,"column":18}},"loc":{"start":{"line":30,"column":29},"end":{"line":40,"column":1}},"line":30},"3":{"name":"(anonymous_3)","decl":{"start":{"line":31,"column":26},"end":{"line":31,"column":27}},"loc":{"start":{"line":31,"column":48},"end":{"line":39,"column":2}},"line":31},"4":{"name":"getListIndex","decl":{"start":{"line":46,"column":9},"end":{"line":46,"column":21}},"loc":{"start":{"line":46,"column":34},"end":{"line":54,"column":1}},"line":46},"5":{"name":"getCategoryIndex","decl":{"start":{"line":61,"column":9},"end":{"line":61,"column":25}},"loc":{"start":{"line":61,"column":48},"end":{"line":70,"column":1}},"line":61},"6":{"name":"getItemIndex","decl":{"start":{"line":77,"column":9},"end":{"line":77,"column":21}},"loc":{"start":{"line":77,"column":50},"end":{"line":87,"column":1}},"line":77},"7":{"name":"readFile","decl":{"start":{"line":93,"column":9},"end":{"line":93,"column":17}},"loc":{"start":{"line":93,"column":34},"end":{"line":106,"column":1}},"line":93},"8":{"name":"(anonymous_8)","decl":{"start":{"line":94,"column":11},"end":{"line":94,"column":12}},"loc":{"start":{"line":94,"column":44},"end":{"line":105,"column":2}},"line":94},"9":{"name":"(anonymous_9)","decl":{"start":{"line":95,"column":37},"end":{"line":95,"column":38}},"loc":{"start":{"line":95,"column":57},"end":{"line":104,"column":3}},"line":95},"10":{"name":"updateDB","decl":{"start":{"line":112,"column":9},"end":{"line":112,"column":17}},"loc":{"start":{"line":112,"column":31},"end":{"line":117,"column":1}},"line":112},"11":{"name":"(anonymous_11)","decl":{"start":{"line":113,"column":11},"end":{"line":113,"column":12}},"loc":{"start":{"line":113,"column":39},"end":{"line":116,"column":2}},"line":113},"12":{"name":"addUserDB","decl":{"start":{"line":124,"column":9},"end":{"line":124,"column":18}},"loc":{"start":{"line":124,"column":44},"end":{"line":136,"column":1}},"line":124},"13":{"name":"(anonymous_13)","decl":{"start":{"line":125,"column":11},"end":{"line":125,"column":12}},"loc":{"start":{"line":125,"column":44},"end":{"line":135,"column":2}},"line":125},"14":{"name":"(anonymous_14)","decl":{"start":{"line":126,"column":41},"end":{"line":126,"column":42}},"loc":{"start":{"line":126,"column":60},"end":{"line":134,"column":6}},"line":126},"15":{"name":"deleteUserDB","decl":{"start":{"line":143,"column":9},"end":{"line":143,"column":21}},"loc":{"start":{"line":143,"column":47},"end":{"line":156,"column":1}},"line":143},"16":{"name":"(anonymous_16)","decl":{"start":{"line":144,"column":11},"end":{"line":144,"column":12}},"loc":{"start":{"line":144,"column":44},"end":{"line":155,"column":2}},"line":144},"17":{"name":"(anonymous_17)","decl":{"start":{"line":146,"column":44},"end":{"line":146,"column":45}},"loc":{"start":{"line":146,"column":63},"end":{"line":154,"column":5}},"line":146},"18":{"name":"addListDB","decl":{"start":{"line":162,"column":9},"end":{"line":162,"column":18}},"loc":{"start":{"line":162,"column":32},"end":{"line":167,"column":1}},"line":162},"19":{"name":"(anonymous_19)","decl":{"start":{"line":163,"column":17},"end":{"line":163,"column":18}},"loc":{"start":{"line":163,"column":27},"end":{"line":166,"column":2}},"line":163},"20":{"name":"deleteListDB","decl":{"start":{"line":173,"column":9},"end":{"line":173,"column":21}},"loc":{"start":{"line":173,"column":45},"end":{"line":180,"column":1}},"line":173},"21":{"name":"(anonymous_21)","decl":{"start":{"line":174,"column":17},"end":{"line":174,"column":18}},"loc":{"start":{"line":174,"column":27},"end":{"line":179,"column":2}},"line":174},"22":{"name":"addCategoryDB","decl":{"start":{"line":187,"column":9},"end":{"line":187,"column":22}},"loc":{"start":{"line":187,"column":56},"end":{"line":197,"column":1}},"line":187},"23":{"name":"(anonymous_23)","decl":{"start":{"line":188,"column":17},"end":{"line":188,"column":18}},"loc":{"start":{"line":188,"column":27},"end":{"line":196,"column":2}},"line":188},"24":{"name":"deleteCategoryDB","decl":{"start":{"line":205,"column":9},"end":{"line":205,"column":25}},"loc":{"start":{"line":205,"column":59},"end":{"line":215,"column":1}},"line":205},"25":{"name":"(anonymous_25)","decl":{"start":{"line":206,"column":20},"end":{"line":206,"column":21}},"loc":{"start":{"line":206,"column":30},"end":{"line":214,"column":5}},"line":206},"26":{"name":"addItemDB","decl":{"start":{"line":224,"column":9},"end":{"line":224,"column":18}},"loc":{"start":{"line":224,"column":58},"end":{"line":234,"column":1}},"line":224},"27":{"name":"(anonymous_27)","decl":{"start":{"line":225,"column":17},"end":{"line":225,"column":18}},"loc":{"start":{"line":225,"column":27},"end":{"line":233,"column":2}},"line":225},"28":{"name":"deleteItemDB","decl":{"start":{"line":243,"column":9},"end":{"line":243,"column":21}},"loc":{"start":{"line":243,"column":61},"end":{"line":254,"column":1}},"line":243},"29":{"name":"(anonymous_29)","decl":{"start":{"line":244,"column":17},"end":{"line":244,"column":18}},"loc":{"start":{"line":244,"column":27},"end":{"line":253,"column":2}},"line":244}},"branchMap":{"0":{"loc":{"start":{"line":10,"column":4},"end":{"line":24,"column":5}},"type":"if","locations":[{"start":{"line":10,"column":4},"end":{"line":24,"column":5}},{"start":{"line":10,"column":4},"end":{"line":24,"column":5}}],"line":10},"1":{"loc":{"start":{"line":10,"column":8},"end":{"line":10,"column":113}},"type":"binary-expr","locations":[{"start":{"line":10,"column":8},"end":{"line":10,"column":30}},{"start":{"line":10,"column":34},"end":{"line":10,"column":56}},{"start":{"line":10,"column":61},"end":{"line":10,"column":85}},{"start":{"line":10,"column":89},"end":{"line":10,"column":112}}],"line":10},"2":{"loc":{"start":{"line":12,"column":12},"end":{"line":20,"column":13}},"type":"if","locations":[{"start":{"line":12,"column":12},"end":{"line":20,"column":13}},{"start":{"line":12,"column":12},"end":{"line":20,"column":13}}],"line":12},"3":{"loc":{"start":{"line":15,"column":16},"end":{"line":19,"column":17}},"type":"if","locations":[{"start":{"line":15,"column":16},"end":{"line":19,"column":17}},{"start":{"line":15,"column":16},"end":{"line":19,"column":17}}],"line":15},"4":{"loc":{"start":{"line":32,"column":8},"end":{"line":38,"column":9}},"type":"if","locations":[{"start":{"line":32,"column":8},"end":{"line":38,"column":9}},{"start":{"line":32,"column":8},"end":{"line":38,"column":9}}],"line":32},"5":{"loc":{"start":{"line":50,"column":8},"end":{"line":52,"column":9}},"type":"if","locations":[{"start":{"line":50,"column":8},"end":{"line":52,"column":9}},{"start":{"line":50,"column":8},"end":{"line":52,"column":9}}],"line":50},"6":{"loc":{"start":{"line":66,"column":8},"end":{"line":68,"column":9}},"type":"if","locations":[{"start":{"line":66,"column":8},"end":{"line":68,"column":9}},{"start":{"line":66,"column":8},"end":{"line":68,"column":9}}],"line":66},"7":{"loc":{"start":{"line":83,"column":8},"end":{"line":85,"column":9}},"type":"if","locations":[{"start":{"line":83,"column":8},"end":{"line":85,"column":9}},{"start":{"line":83,"column":8},"end":{"line":85,"column":9}}],"line":83},"8":{"loc":{"start":{"line":96,"column":3},"end":{"line":102,"column":4}},"type":"if","locations":[{"start":{"line":96,"column":3},"end":{"line":102,"column":4}},{"start":{"line":96,"column":3},"end":{"line":102,"column":4}}],"line":96},"9":{"loc":{"start":{"line":98,"column":10},"end":{"line":102,"column":4}},"type":"if","locations":[{"start":{"line":98,"column":10},"end":{"line":102,"column":4}},{"start":{"line":98,"column":10},"end":{"line":102,"column":4}}],"line":98},"10":{"loc":{"start":{"line":127,"column":6},"end":{"line":132,"column":7}},"type":"if","locations":[{"start":{"line":127,"column":6},"end":{"line":132,"column":7}},{"start":{"line":127,"column":6},"end":{"line":132,"column":7}}],"line":127},"11":{"loc":{"start":{"line":147,"column":9},"end":{"line":152,"column":10}},"type":"if","locations":[{"start":{"line":147,"column":9},"end":{"line":152,"column":10}},{"start":{"line":147,"column":9},"end":{"line":152,"column":10}}],"line":147}},"s":{"0":1,"1":1,"2":0,"3":0,"4":0,"5":0,"6":0,"7":0,"8":0,"9":0,"10":1,"11":0,"12":0,"13":0,"14":0,"15":0,"16":1,"17":1,"18":1,"19":1,"20":1,"21":1,"22":1,"23":2,"24":1,"25":0,"26":0,"27":0,"28":0,"29":0,"30":0,"31":0,"32":0,"33":0,"34":0,"35":0,"36":0,"37":0,"38":0,"39":0,"40":0,"41":0,"42":0,"43":0,"44":0,"45":0,"46":0,"47":0,"48":0,"49":1,"50":0,"51":0,"52":0,"53":0,"54":0,"55":0,"56":0,"57":0,"58":0,"59":0,"60":0,"61":0,"62":0,"63":0,"64":0,"65":0,"66":0,"67":0,"68":0,"69":0,"70":0,"71":0,"72":0,"73":0,"74":0,"75":0,"76":0,"77":0,"78":0,"79":0,"80":0,"81":0,"82":0,"83":0,"84":0,"85":0,"86":0,"87":0,"88":0,"89":1},"f":{"0":0,"1":0,"2":1,"3":0,"4":1,"5":1,"6":0,"7":0,"8":0,"9":0,"10":0,"11":0,"12":0,"13":0,"14":0,"15":1,"16":0,"17":0,"18":0,"19":0,"20":0,"21":0,"22":0,"23":0,"24":0,"25":0,"26":0,"27":0,"28":0,"29":0},"b":{"0":[0,0],"1":[0,0,0,0],"2":[0,0],"3":[0,0],"4":[0,0],"5":[1,0],"6":[1,1],"7":[0,0],"8":[0,0],"9":[0,0],"10":[0,0],"11":[0,0]},"_coverageSchema":"332fd63041d2c1bcb487cc26dd0d5f7d97098a6c","hash":"12943e065142591d7536465b226ab6db4c18622b"}
}