{"C:\\Users\\Bhavya's PC\\Desktop\\localrep\\connect.js": {"path":"C:\\Users\\Bhavya's PC\\Desktop\\localrep\\connect.js","statementMap":{"0":{"start":{"line":1,"column":20},"end":{"line":1,"column":50}},"1":{"start":{"line":2,"column":12},"end":{"line":2,"column":83}},"2":{"start":{"line":24,"column":1},"end":{"line":40,"column":4}},"3":{"start":{"line":25,"column":2},"end":{"line":27,"column":3}},"4":{"start":{"line":26,"column":6},"end":{"line":26,"column":23}},"5":{"start":{"line":29,"column":15},"end":{"line":29,"column":48}},"6":{"start":{"line":30,"column":23},"end":{"line":30,"column":45}},"7":{"start":{"line":32,"column":2},"end":{"line":39,"column":5}},"8":{"start":{"line":33,"column":3},"end":{"line":37,"column":4}},"9":{"start":{"line":34,"column":4},"end":{"line":34,"column":27}},"10":{"start":{"line":36,"column":4},"end":{"line":36,"column":23}},"11":{"start":{"line":38,"column":3},"end":{"line":38,"column":18}},"12":{"start":{"line":47,"column":1},"end":{"line":58,"column":6}},"13":{"start":{"line":48,"column":2},"end":{"line":50,"column":3}},"14":{"start":{"line":49,"column":6},"end":{"line":49,"column":23}},"15":{"start":{"line":52,"column":15},"end":{"line":52,"column":48}},"16":{"start":{"line":53,"column":23},"end":{"line":53,"column":45}},"17":{"start":{"line":55,"column":4},"end":{"line":55,"column":39}},"18":{"start":{"line":57,"column":4},"end":{"line":57,"column":19}},"19":{"start":{"line":63,"column":4},"end":{"line":69,"column":6}},"20":{"start":{"line":65,"column":5},"end":{"line":65,"column":60}},"21":{"start":{"line":67,"column":5},"end":{"line":67,"column":26}},"22":{"start":{"line":74,"column":4},"end":{"line":90,"column":7}},"23":{"start":{"line":75,"column":8},"end":{"line":77,"column":3}},"24":{"start":{"line":76,"column":6},"end":{"line":76,"column":23}},"25":{"start":{"line":78,"column":19},"end":{"line":78,"column":52}},"26":{"start":{"line":80,"column":5},"end":{"line":88,"column":8}},"27":{"start":{"line":81,"column":8},"end":{"line":87,"column":9}},"28":{"start":{"line":82,"column":12},"end":{"line":82,"column":30}},"29":{"start":{"line":83,"column":12},"end":{"line":83,"column":22}},"30":{"start":{"line":85,"column":9},"end":{"line":85,"column":44}},"31":{"start":{"line":86,"column":12},"end":{"line":86,"column":32}},"32":{"start":{"line":89,"column":8},"end":{"line":89,"column":23}},"33":{"start":{"line":93,"column":4},"end":{"line":109,"column":7}},"34":{"start":{"line":94,"column":8},"end":{"line":96,"column":3}},"35":{"start":{"line":95,"column":6},"end":{"line":95,"column":23}},"36":{"start":{"line":97,"column":19},"end":{"line":97,"column":52}},"37":{"start":{"line":99,"column":5},"end":{"line":107,"column":5}},"38":{"start":{"line":100,"column":8},"end":{"line":106,"column":5}},"39":{"start":{"line":101,"column":12},"end":{"line":101,"column":30}},"40":{"start":{"line":102,"column":12},"end":{"line":102,"column":22}},"41":{"start":{"line":104,"column":12},"end":{"line":104,"column":46}},"42":{"start":{"line":105,"column":12},"end":{"line":105,"column":32}},"43":{"start":{"line":108,"column":2},"end":{"line":108,"column":17}},"44":{"start":{"line":113,"column":0},"end":{"line":119,"column":1}}},"fnMap":{"0":{"name":"readFile","decl":{"start":{"line":23,"column":9},"end":{"line":23,"column":17}},"loc":{"start":{"line":23,"column":33},"end":{"line":41,"column":1}},"line":23},"1":{"name":"(anonymous_1)","decl":{"start":{"line":24,"column":26},"end":{"line":24,"column":27}},"loc":{"start":{"line":24,"column":48},"end":{"line":40,"column":2}},"line":24},"2":{"name":"(anonymous_2)","decl":{"start":{"line":32,"column":27},"end":{"line":32,"column":28}},"loc":{"start":{"line":32,"column":47},"end":{"line":39,"column":3}},"line":32},"3":{"name":"updateDb","decl":{"start":{"line":45,"column":9},"end":{"line":45,"column":17}},"loc":{"start":{"line":46,"column":0},"end":{"line":60,"column":1}},"line":46},"4":{"name":"(anonymous_4)","decl":{"start":{"line":47,"column":26},"end":{"line":47,"column":27}},"loc":{"start":{"line":47,"column":48},"end":{"line":58,"column":4}},"line":47},"5":{"name":"dropCategory","decl":{"start":{"line":61,"column":9},"end":{"line":61,"column":21}},"loc":{"start":{"line":61,"column":54},"end":{"line":71,"column":1}},"line":61},"6":{"name":"(anonymous_6)","decl":{"start":{"line":63,"column":20},"end":{"line":63,"column":21}},"loc":{"start":{"line":63,"column":40},"end":{"line":69,"column":5}},"line":63},"7":{"name":"addRecord","decl":{"start":{"line":73,"column":9},"end":{"line":73,"column":18}},"loc":{"start":{"line":73,"column":42},"end":{"line":91,"column":1}},"line":73},"8":{"name":"(anonymous_8)","decl":{"start":{"line":74,"column":29},"end":{"line":74,"column":30}},"loc":{"start":{"line":74,"column":51},"end":{"line":90,"column":5}},"line":74},"9":{"name":"(anonymous_9)","decl":{"start":{"line":80,"column":44},"end":{"line":80,"column":45}},"loc":{"start":{"line":80,"column":63},"end":{"line":88,"column":6}},"line":80},"10":{"name":"deleteRecord","decl":{"start":{"line":92,"column":9},"end":{"line":92,"column":21}},"loc":{"start":{"line":92,"column":45},"end":{"line":110,"column":1}},"line":92},"11":{"name":"(anonymous_11)","decl":{"start":{"line":93,"column":29},"end":{"line":93,"column":30}},"loc":{"start":{"line":93,"column":51},"end":{"line":109,"column":5}},"line":93},"12":{"name":"(anonymous_12)","decl":{"start":{"line":99,"column":44},"end":{"line":99,"column":45}},"loc":{"start":{"line":99,"column":63},"end":{"line":107,"column":3}},"line":99}},"branchMap":{"0":{"loc":{"start":{"line":25,"column":2},"end":{"line":27,"column":3}},"type":"if","locations":[{"start":{"line":25,"column":2},"end":{"line":27,"column":3}},{"start":{"line":25,"column":2},"end":{"line":27,"column":3}}],"line":25},"1":{"loc":{"start":{"line":33,"column":3},"end":{"line":37,"column":4}},"type":"if","locations":[{"start":{"line":33,"column":3},"end":{"line":37,"column":4}},{"start":{"line":33,"column":3},"end":{"line":37,"column":4}}],"line":33},"2":{"loc":{"start":{"line":48,"column":2},"end":{"line":50,"column":3}},"type":"if","locations":[{"start":{"line":48,"column":2},"end":{"line":50,"column":3}},{"start":{"line":48,"column":2},"end":{"line":50,"column":3}}],"line":48},"3":{"loc":{"start":{"line":75,"column":8},"end":{"line":77,"column":3}},"type":"if","locations":[{"start":{"line":75,"column":8},"end":{"line":77,"column":3}},{"start":{"line":75,"column":8},"end":{"line":77,"column":3}}],"line":75},"4":{"loc":{"start":{"line":81,"column":8},"end":{"line":87,"column":9}},"type":"if","locations":[{"start":{"line":81,"column":8},"end":{"line":87,"column":9}},{"start":{"line":81,"column":8},"end":{"line":87,"column":9}}],"line":81},"5":{"loc":{"start":{"line":94,"column":8},"end":{"line":96,"column":3}},"type":"if","locations":[{"start":{"line":94,"column":8},"end":{"line":96,"column":3}},{"start":{"line":94,"column":8},"end":{"line":96,"column":3}}],"line":94},"6":{"loc":{"start":{"line":100,"column":8},"end":{"line":106,"column":5}},"type":"if","locations":[{"start":{"line":100,"column":8},"end":{"line":106,"column":5}},{"start":{"line":100,"column":8},"end":{"line":106,"column":5}}],"line":100}},"s":{"0":1,"1":1,"2":1,"3":0,"4":0,"5":0,"6":0,"7":0,"8":0,"9":0,"10":0,"11":0,"12":0,"13":0,"14":0,"15":0,"16":0,"17":0,"18":0,"19":1,"20":0,"21":0,"22":0,"23":0,"24":0,"25":0,"26":0,"27":0,"28":0,"29":0,"30":0,"31":0,"32":0,"33":0,"34":0,"35":0,"36":0,"37":0,"38":0,"39":0,"40":0,"41":0,"42":0,"43":0,"44":1},"f":{"0":1,"1":0,"2":0,"3":0,"4":0,"5":1,"6":0,"7":0,"8":0,"9":0,"10":0,"11":0,"12":0},"b":{"0":[0,0],"1":[0,0],"2":[0,0],"3":[0,0],"4":[0,0],"5":[0,0],"6":[0,0]},"_coverageSchema":"332fd63041d2c1bcb487cc26dd0d5f7d97098a6c","hash":"0233d926b61902ddee925922eeb6c1d0abcf2ec7"}
,"C:\\Users\\Bhavya's PC\\Desktop\\localrep\\database_functions.js": {"path":"C:\\Users\\Bhavya's PC\\Desktop\\localrep\\database_functions.js","statementMap":{"0":{"start":{"line":3,"column":1},"end":{"line":14,"column":3}},"1":{"start":{"line":4,"column":2},"end":{"line":13,"column":4}},"2":{"start":{"line":5,"column":3},"end":{"line":5,"column":22}},"3":{"start":{"line":5,"column":12},"end":{"line":5,"column":22}},"4":{"start":{"line":7,"column":3},"end":{"line":12,"column":4}},"5":{"start":{"line":8,"column":4},"end":{"line":8,"column":38}},"6":{"start":{"line":9,"column":4},"end":{"line":9,"column":12}},"7":{"start":{"line":11,"column":4},"end":{"line":11,"column":21}},"8":{"start":{"line":18,"column":1},"end":{"line":21,"column":6}},"9":{"start":{"line":19,"column":5},"end":{"line":19,"column":24}},"10":{"start":{"line":19,"column":14},"end":{"line":19,"column":24}},"11":{"start":{"line":20,"column":5},"end":{"line":20,"column":40}},"12":{"start":{"line":25,"column":1},"end":{"line":28,"column":7}},"13":{"start":{"line":26,"column":4},"end":{"line":26,"column":23}},"14":{"start":{"line":26,"column":13},"end":{"line":26,"column":23}},"15":{"start":{"line":27,"column":5},"end":{"line":27,"column":40}},"16":{"start":{"line":32,"column":1},"end":{"line":35,"column":5}},"17":{"start":{"line":33,"column":4},"end":{"line":33,"column":23}},"18":{"start":{"line":33,"column":13},"end":{"line":33,"column":23}},"19":{"start":{"line":34,"column":4},"end":{"line":34,"column":38}},"20":{"start":{"line":39,"column":1},"end":{"line":42,"column":4}},"21":{"start":{"line":40,"column":1},"end":{"line":40,"column":20}},"22":{"start":{"line":40,"column":10},"end":{"line":40,"column":20}},"23":{"start":{"line":41,"column":4},"end":{"line":41,"column":49}},"24":{"start":{"line":41,"column":15},"end":{"line":41,"column":49}},"25":{"start":{"line":45,"column":0},"end":{"line":52,"column":1}}},"fnMap":{"0":{"name":"getFile","decl":{"start":{"line":2,"column":9},"end":{"line":2,"column":16}},"loc":{"start":{"line":2,"column":29},"end":{"line":15,"column":1}},"line":2},"1":{"name":"(anonymous_1)","decl":{"start":{"line":3,"column":20},"end":{"line":3,"column":21}},"loc":{"start":{"line":3,"column":41},"end":{"line":14,"column":2}},"line":3},"2":{"name":"(anonymous_2)","decl":{"start":{"line":4,"column":45},"end":{"line":4,"column":46}},"loc":{"start":{"line":4,"column":67},"end":{"line":13,"column":3}},"line":4},"3":{"name":"createTable","decl":{"start":{"line":17,"column":9},"end":{"line":17,"column":20}},"loc":{"start":{"line":17,"column":34},"end":{"line":22,"column":1}},"line":17},"4":{"name":"(anonymous_4)","decl":{"start":{"line":18,"column":31},"end":{"line":18,"column":32}},"loc":{"start":{"line":18,"column":50},"end":{"line":21,"column":4}},"line":18},"5":{"name":"addRecord","decl":{"start":{"line":24,"column":9},"end":{"line":24,"column":18}},"loc":{"start":{"line":24,"column":35},"end":{"line":29,"column":1}},"line":24},"6":{"name":"(anonymous_6)","decl":{"start":{"line":25,"column":40},"end":{"line":25,"column":41}},"loc":{"start":{"line":25,"column":59},"end":{"line":28,"column":5}},"line":25},"7":{"name":"deleteRecord","decl":{"start":{"line":31,"column":9},"end":{"line":31,"column":21}},"loc":{"start":{"line":31,"column":38},"end":{"line":36,"column":1}},"line":31},"8":{"name":"(anonymous_8)","decl":{"start":{"line":32,"column":40},"end":{"line":32,"column":41}},"loc":{"start":{"line":32,"column":59},"end":{"line":35,"column":3}},"line":32},"9":{"name":"dropCategory","decl":{"start":{"line":38,"column":9},"end":{"line":38,"column":21}},"loc":{"start":{"line":38,"column":31},"end":{"line":43,"column":1}},"line":38},"10":{"name":"(anonymous_10)","decl":{"start":{"line":39,"column":27},"end":{"line":39,"column":28}},"loc":{"start":{"line":39,"column":47},"end":{"line":42,"column":2}},"line":39}},"branchMap":{"0":{"loc":{"start":{"line":5,"column":3},"end":{"line":5,"column":22}},"type":"if","locations":[{"start":{"line":5,"column":3},"end":{"line":5,"column":22}},{"start":{"line":5,"column":3},"end":{"line":5,"column":22}}],"line":5},"1":{"loc":{"start":{"line":7,"column":3},"end":{"line":12,"column":4}},"type":"if","locations":[{"start":{"line":7,"column":3},"end":{"line":12,"column":4}},{"start":{"line":7,"column":3},"end":{"line":12,"column":4}}],"line":7},"2":{"loc":{"start":{"line":19,"column":5},"end":{"line":19,"column":24}},"type":"if","locations":[{"start":{"line":19,"column":5},"end":{"line":19,"column":24}},{"start":{"line":19,"column":5},"end":{"line":19,"column":24}}],"line":19},"3":{"loc":{"start":{"line":26,"column":4},"end":{"line":26,"column":23}},"type":"if","locations":[{"start":{"line":26,"column":4},"end":{"line":26,"column":23}},{"start":{"line":26,"column":4},"end":{"line":26,"column":23}}],"line":26},"4":{"loc":{"start":{"line":33,"column":4},"end":{"line":33,"column":23}},"type":"if","locations":[{"start":{"line":33,"column":4},"end":{"line":33,"column":23}},{"start":{"line":33,"column":4},"end":{"line":33,"column":23}}],"line":33},"5":{"loc":{"start":{"line":40,"column":1},"end":{"line":40,"column":20}},"type":"if","locations":[{"start":{"line":40,"column":1},"end":{"line":40,"column":20}},{"start":{"line":40,"column":1},"end":{"line":40,"column":20}}],"line":40},"6":{"loc":{"start":{"line":41,"column":4},"end":{"line":41,"column":49}},"type":"if","locations":[{"start":{"line":41,"column":4},"end":{"line":41,"column":49}},{"start":{"line":41,"column":4},"end":{"line":41,"column":49}}],"line":41}},"s":{"0":0,"1":0,"2":0,"3":0,"4":0,"5":0,"6":0,"7":0,"8":0,"9":0,"10":0,"11":0,"12":0,"13":0,"14":0,"15":0,"16":0,"17":0,"18":0,"19":0,"20":0,"21":0,"22":0,"23":0,"24":0,"25":1},"f":{"0":0,"1":0,"2":0,"3":0,"4":0,"5":0,"6":0,"7":0,"8":0,"9":0,"10":0},"b":{"0":[0,0],"1":[0,0],"2":[0,0],"3":[0,0],"4":[0,0],"5":[0,0],"6":[0,0]},"_coverageSchema":"332fd63041d2c1bcb487cc26dd0d5f7d97098a6c","hash":"e8b10eed7e51cd13e29322638d9f90a3bcc9bb07"}
,"C:\\Users\\Bhavya's PC\\Desktop\\localrep\\server.js": {"path":"C:\\Users\\Bhavya's PC\\Desktop\\localrep\\server.js","statementMap":{"0":{"start":{"line":2,"column":16},"end":{"line":2,"column":34}},"1":{"start":{"line":5,"column":12},"end":{"line":5,"column":26}},"2":{"start":{"line":8,"column":11},"end":{"line":8,"column":24}},"3":{"start":{"line":10,"column":12},"end":{"line":10,"column":46}},"4":{"start":{"line":13,"column":13},"end":{"line":13,"column":37}},"5":{"start":{"line":15,"column":10},"end":{"line":15,"column":19}},"6":{"start":{"line":17,"column":14},"end":{"line":17,"column":40}},"7":{"start":{"line":18,"column":12},"end":{"line":18,"column":32}},"8":{"start":{"line":20,"column":0},"end":{"line":20,"column":30}},"9":{"start":{"line":21,"column":0},"end":{"line":21,"column":52}},"10":{"start":{"line":22,"column":0},"end":{"line":22,"column":47}},"11":{"start":{"line":25,"column":17},"end":{"line":25,"column":39}},"12":{"start":{"line":26,"column":0},"end":{"line":28,"column":4}},"13":{"start":{"line":29,"column":0},"end":{"line":29,"column":26}},"14":{"start":{"line":32,"column":0},"end":{"line":37,"column":4}},"15":{"start":{"line":47,"column":0},"end":{"line":65,"column":3}},"16":{"start":{"line":49,"column":4},"end":{"line":64,"column":7}},"17":{"start":{"line":50,"column":8},"end":{"line":63,"column":9}},"18":{"start":{"line":51,"column":12},"end":{"line":53,"column":15}},"19":{"start":{"line":55,"column":12},"end":{"line":62,"column":13}},"20":{"start":{"line":56,"column":16},"end":{"line":56,"column":39}},"21":{"start":{"line":57,"column":16},"end":{"line":57,"column":41}},"22":{"start":{"line":59,"column":16},"end":{"line":61,"column":19}},"23":{"start":{"line":68,"column":0},"end":{"line":70,"column":3}},"24":{"start":{"line":69,"column":4},"end":{"line":69,"column":32}},"25":{"start":{"line":73,"column":0},"end":{"line":75,"column":3}},"26":{"start":{"line":74,"column":4},"end":{"line":74,"column":33}},"27":{"start":{"line":84,"column":0},"end":{"line":93,"column":3}},"28":{"start":{"line":85,"column":4},"end":{"line":92,"column":5}},"29":{"start":{"line":86,"column":8},"end":{"line":89,"column":11}},"30":{"start":{"line":91,"column":8},"end":{"line":91,"column":26}},"31":{"start":{"line":101,"column":0},"end":{"line":123,"column":3}},"32":{"start":{"line":102,"column":4},"end":{"line":122,"column":5}},"33":{"start":{"line":103,"column":23},"end":{"line":103,"column":45}},"34":{"start":{"line":104,"column":23},"end":{"line":104,"column":42}},"35":{"start":{"line":105,"column":26},"end":{"line":105,"column":30}},"36":{"start":{"line":117,"column":12},"end":{"line":119,"column":11}},"37":{"start":{"line":121,"column":8},"end":{"line":121,"column":26}},"38":{"start":{"line":133,"column":0},"end":{"line":141,"column":3}},"39":{"start":{"line":134,"column":4},"end":{"line":140,"column":5}},"40":{"start":{"line":135,"column":8},"end":{"line":137,"column":11}},"41":{"start":{"line":139,"column":8},"end":{"line":139,"column":26}},"42":{"start":{"line":148,"column":0},"end":{"line":151,"column":3}},"43":{"start":{"line":149,"column":4},"end":{"line":149,"column":25}},"44":{"start":{"line":150,"column":4},"end":{"line":150,"column":18}},"45":{"start":{"line":156,"column":0},"end":{"line":158,"column":3}},"46":{"start":{"line":157,"column":4},"end":{"line":157,"column":42}},"47":{"start":{"line":160,"column":0},"end":{"line":163,"column":2}},"48":{"start":{"line":161,"column":4},"end":{"line":161,"column":24}},"49":{"start":{"line":162,"column":4},"end":{"line":162,"column":22}},"50":{"start":{"line":166,"column":4},"end":{"line":170,"column":5}},"51":{"start":{"line":167,"column":8},"end":{"line":167,"column":25}},"52":{"start":{"line":169,"column":8},"end":{"line":169,"column":15}},"53":{"start":{"line":173,"column":0},"end":{"line":175,"column":3}},"54":{"start":{"line":174,"column":4},"end":{"line":174,"column":52}},"55":{"start":{"line":180,"column":0},"end":{"line":180,"column":21}}},"fnMap":{"0":{"name":"(anonymous_0)","decl":{"start":{"line":47,"column":19},"end":{"line":47,"column":20}},"loc":{"start":{"line":47,"column":38},"end":{"line":65,"column":1}},"line":47},"1":{"name":"(anonymous_1)","decl":{"start":{"line":49,"column":44},"end":{"line":49,"column":45}},"loc":{"start":{"line":49,"column":64},"end":{"line":64,"column":5}},"line":49},"2":{"name":"(anonymous_2)","decl":{"start":{"line":68,"column":13},"end":{"line":68,"column":14}},"loc":{"start":{"line":68,"column":36},"end":{"line":70,"column":1}},"line":68},"3":{"name":"(anonymous_3)","decl":{"start":{"line":73,"column":23},"end":{"line":73,"column":24}},"loc":{"start":{"line":73,"column":46},"end":{"line":75,"column":1}},"line":73},"4":{"name":"(anonymous_4)","decl":{"start":{"line":84,"column":21},"end":{"line":84,"column":22}},"loc":{"start":{"line":84,"column":40},"end":{"line":93,"column":1}},"line":84},"5":{"name":"(anonymous_5)","decl":{"start":{"line":101,"column":32},"end":{"line":101,"column":33}},"loc":{"start":{"line":101,"column":51},"end":{"line":123,"column":1}},"line":101},"6":{"name":"(anonymous_6)","decl":{"start":{"line":133,"column":28},"end":{"line":133,"column":29}},"loc":{"start":{"line":133,"column":47},"end":{"line":141,"column":1}},"line":133},"7":{"name":"(anonymous_7)","decl":{"start":{"line":148,"column":26},"end":{"line":148,"column":27}},"loc":{"start":{"line":148,"column":45},"end":{"line":151,"column":1}},"line":148},"8":{"name":"(anonymous_8)","decl":{"start":{"line":156,"column":20},"end":{"line":156,"column":21}},"loc":{"start":{"line":156,"column":43},"end":{"line":158,"column":1}},"line":156},"9":{"name":"(anonymous_9)","decl":{"start":{"line":160,"column":19},"end":{"line":160,"column":20}},"loc":{"start":{"line":160,"column":33},"end":{"line":163,"column":1}},"line":160},"10":{"name":"requiredLogin","decl":{"start":{"line":165,"column":9},"end":{"line":165,"column":22}},"loc":{"start":{"line":165,"column":39},"end":{"line":171,"column":1}},"line":165},"11":{"name":"(anonymous_11)","decl":{"start":{"line":173,"column":17},"end":{"line":173,"column":18}},"loc":{"start":{"line":173,"column":23},"end":{"line":175,"column":1}},"line":173}},"branchMap":{"0":{"loc":{"start":{"line":13,"column":13},"end":{"line":13,"column":37}},"type":"binary-expr","locations":[{"start":{"line":13,"column":13},"end":{"line":13,"column":29}},{"start":{"line":13,"column":33},"end":{"line":13,"column":37}}],"line":13},"1":{"loc":{"start":{"line":50,"column":8},"end":{"line":63,"column":9}},"type":"if","locations":[{"start":{"line":50,"column":8},"end":{"line":63,"column":9}},{"start":{"line":50,"column":8},"end":{"line":63,"column":9}}],"line":50},"2":{"loc":{"start":{"line":55,"column":12},"end":{"line":62,"column":13}},"type":"if","locations":[{"start":{"line":55,"column":12},"end":{"line":62,"column":13}},{"start":{"line":55,"column":12},"end":{"line":62,"column":13}}],"line":55},"3":{"loc":{"start":{"line":85,"column":4},"end":{"line":92,"column":5}},"type":"if","locations":[{"start":{"line":85,"column":4},"end":{"line":92,"column":5}},{"start":{"line":85,"column":4},"end":{"line":92,"column":5}}],"line":85},"4":{"loc":{"start":{"line":85,"column":7},"end":{"line":85,"column":38}},"type":"binary-expr","locations":[{"start":{"line":85,"column":7},"end":{"line":85,"column":18}},{"start":{"line":85,"column":22},"end":{"line":85,"column":38}}],"line":85},"5":{"loc":{"start":{"line":102,"column":4},"end":{"line":122,"column":5}},"type":"if","locations":[{"start":{"line":102,"column":4},"end":{"line":122,"column":5}},{"start":{"line":102,"column":4},"end":{"line":122,"column":5}}],"line":102},"6":{"loc":{"start":{"line":102,"column":7},"end":{"line":102,"column":38}},"type":"binary-expr","locations":[{"start":{"line":102,"column":7},"end":{"line":102,"column":18}},{"start":{"line":102,"column":22},"end":{"line":102,"column":38}}],"line":102},"7":{"loc":{"start":{"line":134,"column":4},"end":{"line":140,"column":5}},"type":"if","locations":[{"start":{"line":134,"column":4},"end":{"line":140,"column":5}},{"start":{"line":134,"column":4},"end":{"line":140,"column":5}}],"line":134},"8":{"loc":{"start":{"line":134,"column":7},"end":{"line":134,"column":38}},"type":"binary-expr","locations":[{"start":{"line":134,"column":7},"end":{"line":134,"column":18}},{"start":{"line":134,"column":22},"end":{"line":134,"column":38}}],"line":134},"9":{"loc":{"start":{"line":166,"column":4},"end":{"line":170,"column":5}},"type":"if","locations":[{"start":{"line":166,"column":4},"end":{"line":170,"column":5}},{"start":{"line":166,"column":4},"end":{"line":170,"column":5}}],"line":166}},"s":{"0":1,"1":1,"2":1,"3":1,"4":1,"5":1,"6":1,"7":1,"8":1,"9":1,"10":1,"11":1,"12":1,"13":1,"14":1,"15":1,"16":0,"17":0,"18":0,"19":0,"20":0,"21":0,"22":0,"23":1,"24":0,"25":1,"26":0,"27":1,"28":0,"29":0,"30":0,"31":1,"32":0,"33":0,"34":0,"35":0,"36":0,"37":0,"38":1,"39":0,"40":0,"41":0,"42":1,"43":0,"44":0,"45":1,"46":0,"47":1,"48":0,"49":0,"50":0,"51":0,"52":0,"53":1,"54":0,"55":1},"f":{"0":0,"1":0,"2":0,"3":0,"4":0,"5":0,"6":0,"7":0,"8":0,"9":0,"10":0,"11":0},"b":{"0":[1,1],"1":[0,0],"2":[0,0],"3":[0,0],"4":[0,0],"5":[0,0],"6":[0,0],"7":[0,0],"8":[0,0],"9":[0,0]},"_coverageSchema":"332fd63041d2c1bcb487cc26dd0d5f7d97098a6c","hash":"879816751b024602858c89ee31cdab8d454726e6"}
,"C:\\Users\\Bhavya's PC\\Desktop\\localrep\\validate.js": {"path":"C:\\Users\\Bhavya's PC\\Desktop\\localrep\\validate.js","statementMap":{"0":{"start":{"line":6,"column":12},"end":{"line":6,"column":50}},"1":{"start":{"line":11,"column":1},"end":{"line":20,"column":2}},"2":{"start":{"line":12,"column":2},"end":{"line":12,"column":63}},"3":{"start":{"line":13,"column":2},"end":{"line":13,"column":60}},"4":{"start":{"line":14,"column":2},"end":{"line":14,"column":22}},"5":{"start":{"line":16,"column":2},"end":{"line":16,"column":50}},"6":{"start":{"line":17,"column":17},"end":{"line":17,"column":89}},"7":{"start":{"line":18,"column":2},"end":{"line":18,"column":56}},"8":{"start":{"line":19,"column":2},"end":{"line":19,"column":21}},"9":{"start":{"line":23,"column":0},"end":{"line":25,"column":1}}},"fnMap":{"0":{"name":"listNameValidate","decl":{"start":{"line":5,"column":9},"end":{"line":5,"column":25}},"loc":{"start":{"line":5,"column":43},"end":{"line":21,"column":1}},"line":5}},"branchMap":{"0":{"loc":{"start":{"line":11,"column":1},"end":{"line":20,"column":2}},"type":"if","locations":[{"start":{"line":11,"column":1},"end":{"line":20,"column":2}},{"start":{"line":11,"column":1},"end":{"line":20,"column":2}}],"line":11}},"s":{"0":0,"1":0,"2":0,"3":0,"4":0,"5":0,"6":0,"7":0,"8":0,"9":1},"f":{"0":0},"b":{"0":[0,0]},"_coverageSchema":"332fd63041d2c1bcb487cc26dd0d5f7d97098a6c","hash":"4a3d01eb9866aed22465e2203fe5b1db4c110be0"}
}
