TN:
SF:C:\Users\Bhavya's PC\Desktop\localrep\connect.js
FN:23,readFile
FN:24,(anonymous_1)
FN:32,(anonymous_2)
FN:45,updateDb
FN:47,(anonymous_4)
FN:61,dropCategory
FN:63,(anonymous_6)
FN:73,addRecord
FN:74,(anonymous_8)
FN:80,(anonymous_9)
FN:92,deleteRecord
FN:93,(anonymous_11)
FN:99,(anonymous_12)
FNF:13
FNH:2
FNDA:1,readFile
FNDA:0,(anonymous_1)
FNDA:0,(anonymous_2)
FNDA:0,updateDb
FNDA:0,(anonymous_4)
FNDA:1,dropCategory
FNDA:0,(anonymous_6)
FNDA:0,addRecord
FNDA:0,(anonymous_8)
FNDA:0,(anonymous_9)
FNDA:0,deleteRecord
FNDA:0,(anonymous_11)
FNDA:0,(anonymous_12)
DA:1,1
DA:2,1
DA:24,1
DA:25,0
DA:26,0
DA:29,0
DA:30,0
DA:32,0
DA:33,0
DA:34,0
DA:36,0
DA:38,0
DA:47,0
DA:48,0
DA:49,0
DA:52,0
DA:53,0
DA:55,0
DA:57,0
DA:63,1
DA:65,0
DA:67,0
DA:74,0
DA:75,0
DA:76,0
DA:78,0
DA:80,0
DA:81,0
DA:82,0
DA:83,0
DA:85,0
DA:86,0
DA:89,0
DA:93,0
DA:94,0
DA:95,0
DA:97,0
DA:99,0
DA:100,0
DA:101,0
DA:102,0
DA:104,0
DA:105,0
DA:108,0
DA:113,1
LF:45
LH:5
BRDA:25,0,0,0
BRDA:25,0,1,0
BRDA:33,1,0,0
BRDA:33,1,1,0
BRDA:48,2,0,0
BRDA:48,2,1,0
BRDA:75,3,0,0
BRDA:75,3,1,0
BRDA:81,4,0,0
BRDA:81,4,1,0
BRDA:94,5,0,0
BRDA:94,5,1,0
BRDA:100,6,0,0
BRDA:100,6,1,0
BRF:14
BRH:0
end_of_record
TN:
SF:C:\Users\Bhavya's PC\Desktop\localrep\database_functions.js
FN:2,getFile
FN:3,(anonymous_1)
FN:4,(anonymous_2)
FN:17,createTable
FN:18,(anonymous_4)
FN:24,addRecord
FN:25,(anonymous_6)
FN:31,deleteRecord
FN:32,(anonymous_8)
FN:38,dropCategory
FN:39,(anonymous_10)
FNF:11
FNH:0
FNDA:0,getFile
FNDA:0,(anonymous_1)
FNDA:0,(anonymous_2)
FNDA:0,createTable
FNDA:0,(anonymous_4)
FNDA:0,addRecord
FNDA:0,(anonymous_6)
FNDA:0,deleteRecord
FNDA:0,(anonymous_8)
FNDA:0,dropCategory
FNDA:0,(anonymous_10)
DA:3,0
DA:4,0
DA:5,0
DA:7,0
DA:8,0
DA:9,0
DA:11,0
DA:18,0
DA:19,0
DA:20,0
DA:25,0
DA:26,0
DA:27,0
DA:32,0
DA:33,0
DA:34,0
DA:39,0
DA:40,0
DA:41,0
DA:45,1
LF:20
LH:1
BRDA:5,0,0,0
BRDA:5,0,1,0
BRDA:7,1,0,0
BRDA:7,1,1,0
BRDA:19,2,0,0
BRDA:19,2,1,0
BRDA:26,3,0,0
BRDA:26,3,1,0
BRDA:33,4,0,0
BRDA:33,4,1,0
BRDA:40,5,0,0
BRDA:40,5,1,0
BRDA:41,6,0,0
BRDA:41,6,1,0
BRF:14
BRH:0
end_of_record
TN:
SF:C:\Users\Bhavya's PC\Desktop\localrep\server.js
FN:47,(anonymous_0)
FN:49,(anonymous_1)
FN:68,(anonymous_2)
FN:73,(anonymous_3)
FN:84,(anonymous_4)
FN:101,(anonymous_5)
FN:133,(anonymous_6)
FN:148,(anonymous_7)
FN:156,(anonymous_8)
FN:160,(anonymous_9)
FN:165,requiredLogin
FN:173,(anonymous_11)
FNF:12
FNH:0
FNDA:0,(anonymous_0)
FNDA:0,(anonymous_1)
FNDA:0,(anonymous_2)
FNDA:0,(anonymous_3)
FNDA:0,(anonymous_4)
FNDA:0,(anonymous_5)
FNDA:0,(anonymous_6)
FNDA:0,(anonymous_7)
FNDA:0,(anonymous_8)
FNDA:0,(anonymous_9)
FNDA:0,requiredLogin
FNDA:0,(anonymous_11)
DA:2,1
DA:5,1
DA:8,1
DA:10,1
DA:13,1
DA:15,1
DA:17,1
DA:18,1
DA:20,1
DA:21,1
DA:22,1
DA:25,1
DA:26,1
DA:29,1
DA:32,1
DA:47,1
DA:49,0
DA:50,0
DA:51,0
DA:55,0
DA:56,0
DA:57,0
DA:59,0
DA:68,1
DA:69,0
DA:73,1
DA:74,0
DA:84,1
DA:85,0
DA:86,0
DA:91,0
DA:101,1
DA:102,0
DA:103,0
DA:104,0
DA:105,0
DA:117,0
DA:121,0
DA:133,1
DA:134,0
DA:135,0
DA:139,0
DA:148,1
DA:149,0
DA:150,0
DA:156,1
DA:157,0
DA:160,1
DA:161,0
DA:162,0
DA:166,0
DA:167,0
DA:169,0
DA:173,1
DA:174,0
DA:180,1
LF:56
LH:26
BRDA:13,0,0,1
BRDA:13,0,1,1
BRDA:50,1,0,0
BRDA:50,1,1,0
BRDA:55,2,0,0
BRDA:55,2,1,0
BRDA:85,3,0,0
BRDA:85,3,1,0
BRDA:85,4,0,0
BRDA:85,4,1,0
BRDA:102,5,0,0
BRDA:102,5,1,0
BRDA:102,6,0,0
BRDA:102,6,1,0
BRDA:134,7,0,0
BRDA:134,7,1,0
BRDA:134,8,0,0
BRDA:134,8,1,0
BRDA:166,9,0,0
BRDA:166,9,1,0
BRF:20
BRH:2
end_of_record
TN:
SF:C:\Users\Bhavya's PC\Desktop\localrep\validate.js
FN:5,listNameValidate
FNF:1
FNH:0
FNDA:0,listNameValidate
DA:6,0
DA:11,0
DA:12,0
DA:13,0
DA:14,0
DA:16,0
DA:17,0
DA:18,0
DA:19,0
DA:23,1
LF:10
LH:1
BRDA:11,0,0,0
BRDA:11,0,1,0
BRF:2
BRH:0
end_of_record
