TN:
SF:C:\Users\Dominic\Desktop\CIT\Project\connect.js
FN:9,login
FN:11,(anonymous_1)
FN:30,connectDB
FN:31,(anonymous_3)
FN:46,getListIndex
FN:61,getCategoryIndex
FN:77,getItemIndex
FN:93,readFile
FN:94,(anonymous_8)
FN:95,(anonymous_9)
FN:112,updateDB
FN:113,(anonymous_11)
FN:124,addUserDB
FN:125,(anonymous_13)
FN:126,(anonymous_14)
FN:143,deleteUserDB
FN:144,(anonymous_16)
FN:146,(anonymous_17)
FN:162,addListDB
FN:163,(anonymous_19)
FN:173,deleteListDB
FN:174,(anonymous_21)
FN:187,addCategoryDB
FN:188,(anonymous_23)
FN:205,deleteCategoryDB
FN:206,(anonymous_25)
FN:224,addItemDB
FN:225,(anonymous_27)
FN:243,deleteItemDB
FN:244,(anonymous_29)
FNF:30
FNH:4
FNDA:0,login
FNDA:0,(anonymous_1)
FNDA:1,connectDB
FNDA:0,(anonymous_3)
FNDA:1,getListIndex
FNDA:1,getCategoryIndex
FNDA:0,getItemIndex
FNDA:0,readFile
FNDA:0,(anonymous_8)
FNDA:0,(anonymous_9)
FNDA:0,updateDB
FNDA:0,(anonymous_11)
FNDA:0,addUserDB
FNDA:0,(anonymous_13)
FNDA:0,(anonymous_14)
FNDA:1,deleteUserDB
FNDA:0,(anonymous_16)
FNDA:0,(anonymous_17)
FNDA:0,addListDB
FNDA:0,(anonymous_19)
FNDA:0,deleteListDB
FNDA:0,(anonymous_21)
FNDA:0,addCategoryDB
FNDA:0,(anonymous_23)
FNDA:0,deleteCategoryDB
FNDA:0,(anonymous_25)
FNDA:0,addItemDB
FNDA:0,(anonymous_27)
FNDA:0,deleteItemDB
FNDA:0,(anonymous_29)
DA:1,1
DA:2,1
DA:10,0
DA:11,0
DA:12,0
DA:13,0
DA:15,0
DA:16,0
DA:18,0
DA:23,0
DA:31,1
DA:32,0
DA:33,0
DA:35,0
DA:36,0
DA:37,0
DA:47,1
DA:49,1
DA:50,1
DA:51,1
DA:62,1
DA:63,1
DA:65,1
DA:66,2
DA:67,1
DA:78,0
DA:79,0
DA:80,0
DA:82,0
DA:83,0
DA:84,0
DA:94,0
DA:95,0
DA:96,0
DA:97,0
DA:98,0
DA:99,0
DA:101,0
DA:103,0
DA:113,0
DA:114,0
DA:115,0
DA:125,0
DA:126,0
DA:127,0
DA:128,0
DA:129,0
DA:131,0
DA:133,0
DA:144,1
DA:146,0
DA:147,0
DA:148,0
DA:149,0
DA:151,0
DA:153,0
DA:163,0
DA:164,0
DA:165,0
DA:174,0
DA:175,0
DA:176,0
DA:177,0
DA:178,0
DA:188,0
DA:189,0
DA:190,0
DA:192,0
DA:193,0
DA:195,0
DA:206,0
DA:207,0
DA:208,0
DA:210,0
DA:211,0
DA:213,0
DA:225,0
DA:226,0
DA:227,0
DA:229,0
DA:230,0
DA:232,0
DA:244,0
DA:245,0
DA:246,0
DA:247,0
DA:249,0
DA:250,0
DA:252,0
DA:256,1
LF:90
LH:14
BRDA:10,0,0,0
BRDA:10,0,1,0
BRDA:10,1,0,0
BRDA:10,1,1,0
BRDA:10,1,2,0
BRDA:10,1,3,0
BRDA:12,2,0,0
BRDA:12,2,1,0
BRDA:15,3,0,0
BRDA:15,3,1,0
BRDA:32,4,0,0
BRDA:32,4,1,0
BRDA:50,5,0,1
BRDA:50,5,1,0
BRDA:66,6,0,1
BRDA:66,6,1,1
BRDA:83,7,0,0
BRDA:83,7,1,0
BRDA:96,8,0,0
BRDA:96,8,1,0
BRDA:98,9,0,0
BRDA:98,9,1,0
BRDA:127,10,0,0
BRDA:127,10,1,0
BRDA:147,11,0,0
BRDA:147,11,1,0
BRF:26
BRH:3
end_of_record
